c:\users\babu9\onedrive\ドキュメント\visual studio 2017\projects\block2_network_2\debug\vc141.pdb
c:\users\babu9\onedrive\ドキュメント\visual studio 2017\projects\block2_network_2\debug\vc141.idb
c:\users\babu9\onedrive\ドキュメント\visual studio 2017\projects\block2_network_2\debug\select.obj
c:\users\babu9\onedrive\ドキュメント\visual studio 2017\projects\block2_network_2\debug\sameparam.obj
c:\users\babu9\onedrive\ドキュメント\visual studio 2017\projects\block2_network_2\debug\hydparam.obj
c:\users\babu9\onedrive\ドキュメント\visual studio 2017\projects\block2_network_2\debug\helparam.obj
c:\users\babu9\onedrive\ドキュメント\visual studio 2017\projects\block2_network_2\debug\eriparam.obj
c:\users\babu9\onedrive\ドキュメント\visual studio 2017\projects\block2_network_2\debug\einparam.obj
c:\users\babu9\onedrive\ドキュメント\visual studio 2017\projects\block2_network_2\debug\corparam.obj
c:\users\babu9\onedrive\ドキュメント\visual studio 2017\projects\block2_network_2\debug\bouparam.obj
c:\users\babu9\onedrive\ドキュメント\visual studio 2017\projects\block2_network_2\debug\traning.obj
c:\users\babu9\onedrive\ドキュメント\visual studio 2017\projects\block2_network_2\debug\maindraw.obj
c:\users\babu9\onedrive\ドキュメント\visual studio 2017\projects\block2_network_2\debug\heldamage.obj
c:\users\babu9\onedrive\ドキュメント\visual studio 2017\projects\block2_network_2\debug\load.obj
c:\users\babu9\onedrive\ドキュメント\visual studio 2017\projects\block2_network_2\debug\ai.obj
c:\users\babu9\onedrive\ドキュメント\visual studio 2017\projects\block2_network_2\debug\main.obj
c:\users\babu9\onedrive\ドキュメント\visual studio 2017\projects\block2_network_2\debug\status.obj
c:\users\babu9\onedrive\ドキュメント\visual studio 2017\projects\block2_network_2\debug\player.obj
c:\users\babu9\onedrive\ドキュメント\visual studio 2017\projects\block2_network_2\debug\ghitbox.obj
c:\users\babu9\onedrive\ドキュメント\visual studio 2017\projects\block2_network_2\debug\air.obj
c:\users\babu9\onedrive\ドキュメント\visual studio 2017\projects\block2_network_2\debug\sound.obj
c:\users\babu9\onedrive\ドキュメント\visual studio 2017\projects\block2_network_2\debug\state.obj
c:\users\babu9\onedrive\ドキュメント\visual studio 2017\projects\block2_network_2\debug\pict.obj
c:\users\babu9\onedrive\ドキュメント\visual studio 2017\projects\block2_network_2\debug\lifecount.obj
c:\users\babu9\onedrive\ドキュメント\visual studio 2017\projects\block2_network_2\debug\key.obj
c:\users\babu9\onedrive\ドキュメント\visual studio 2017\projects\block2_network_2\debug\hantei.obj
c:\users\babu9\onedrive\ドキュメント\visual studio 2017\projects\block2_network_2\debug\fps.obj
c:\users\babu9\onedrive\ドキュメント\visual studio 2017\projects\block2_network_2\debug\effect.obj
c:\users\babu9\onedrive\ドキュメント\visual studio 2017\projects\block2_network_2\debug\def.obj
c:\users\babu9\onedrive\ドキュメント\visual studio 2017\projects\block2_network_2\debug\connect.obj
c:\users\babu9\onedrive\ドキュメント\visual studio 2017\projects\block2_network_2\debug\config.obj
c:\users\babu9\onedrive\ドキュメント\visual studio 2017\projects\block2_network_2\debug\command.obj
c:\users\babu9\onedrive\ドキュメント\visual studio 2017\projects\block2_network_2\debug\arcade.obj
c:\users\babu9\onedrive\ドキュメント\visual studio 2017\projects\block2_network_2\debug\subdamset.obj
c:\users\babu9\onedrive\ドキュメント\visual studio 2017\projects\block2_network_2\debug\struct.obj
c:\users\babu9\onedrive\ドキュメント\visual studio 2017\projects\block2_network_2\debug\statedata.obj
c:\users\babu9\onedrive\ドキュメント\visual studio 2017\projects\block2_network_2\debug\result.obj
c:\users\babu9\onedrive\ドキュメント\visual studio 2017\projects\block2_network_2\debug\replay.obj
c:\users\babu9\onedrive\ドキュメント\visual studio 2017\projects\block2_network_2\debug\pause.obj
c:\users\babu9\onedrive\ドキュメント\visual studio 2017\projects\block2_network_2\debug\order.obj
c:\users\babu9\onedrive\ドキュメント\visual studio 2017\projects\block2_network_2\debug\objectdraw.obj
c:\users\babu9\onedrive\ドキュメント\visual studio 2017\projects\block2_network_2\debug\network.obj
c:\users\babu9\onedrive\ドキュメント\visual studio 2017\projects\block2_network_2\debug\menu.obj
c:\users\babu9\onedrive\ドキュメント\visual studio 2017\projects\block2_network_2\debug\versus.obj
c:\users\babu9\onedrive\ドキュメント\visual studio 2017\projects\block2_network_2\debug\title.obj
c:\users\babu9\onedrive\ドキュメント\visual studio 2017\projects\block2_network_2\debug\subsystem.obj
c:\users\babu9\onedrive\ドキュメント\visual studio 2017\projects\block2_network_2\debug\substate.obj
c:\users\babu9\onedrive\ドキュメント\visual studio 2017\projects\block2_network_2\debug\subdamage.obj
c:\users\babu9\onedrive\ドキュメント\visual studio 2017\projects\block2_network_2\debug\syuparam.obj
c:\users\babu9\onedrive\ドキュメント\visual studio 2017\projects\block2_network_2\debug\scenemanager.obj
c:\users\babu9\onedrive\ドキュメント\visual studio 2017\projects\block2_network_2\debug\mainsystem.obj
c:\users\babu9\onedrive\ドキュメント\visual studio 2017\projects\block2_network_2\debug\modemanager.obj
c:\users\babu9\onedrive\ドキュメント\visual studio 2017\projects\block2_network_2\debug\winmain.obj
c:\users\babu9\onedrive\ドキュメント\visual studio 2017\projects\block2_network_2\debug\blackright.pch
c:\users\babu9\onedrive\ドキュメント\visual studio 2017\projects\block2_network_2\debug\pch.obj
c:\users\babu9\onedrive\ドキュメント\visual studio 2017\projects\block2_network_2\debug\vc142.pdb
c:\users\babu9\onedrive\ドキュメント\visual studio 2017\projects\block2_network_2\debug\blackright.exe
c:\users\babu9\onedrive\ドキュメント\visual studio 2017\projects\block2_network_2\debug\blackright.ilk
c:\users\babu9\onedrive\ドキュメント\visual studio 2017\projects\block2_network_2\debug\blackright.pdb
c:\users\babu9\onedrive\ドキュメント\visual studio 2017\projects\block2_network_2\debug\titlemode.obj
c:\users\babu9\onedrive\ドキュメント\visual studio 2017\projects\block2_network_2\debug\vc120.idb
c:\users\babu9\onedrive\ドキュメント\visual studio 2017\projects\block2_network_2\debug\vc142.idb
c:\users\babu9\onedrive\ドキュメント\visual studio 2017\projects\block2_network_2\debug\vc120.pdb
c:\users\babu9\onedrive\ドキュメント\visual studio 2017\projects\block2_network_2\debug\blackright.tlog\cl.command.1.tlog
c:\users\babu9\onedrive\ドキュメント\visual studio 2017\projects\block2_network_2\debug\blackright.tlog\cl.read.1.tlog
c:\users\babu9\onedrive\ドキュメント\visual studio 2017\projects\block2_network_2\debug\blackright.tlog\cl.write.1.tlog
c:\users\babu9\onedrive\ドキュメント\visual studio 2017\projects\block2_network_2\debug\blackright.tlog\link.command.1.tlog
c:\users\babu9\onedrive\ドキュメント\visual studio 2017\projects\block2_network_2\debug\blackright.tlog\link.delete.1.tlog
c:\users\babu9\onedrive\ドキュメント\visual studio 2017\projects\block2_network_2\debug\blackright.tlog\link.read.1.tlog
c:\users\babu9\onedrive\ドキュメント\visual studio 2017\projects\block2_network_2\debug\blackright.tlog\link.write.1.tlog
