c:\users\babu9\onedrive\ドキュメント\visual studio 2017\projects\block2_network_2\release\blackright.ipdb
c:\users\babu9\onedrive\ドキュメント\visual studio 2017\projects\block2_network_2\release\blackright.iobj
c:\users\babu9\onedrive\ドキュメント\visual studio 2017\projects\block2_network_2\release\vc141.pdb
c:\users\babu9\onedrive\ドキュメント\visual studio 2017\projects\block2_network_2\release\sameparam.obj
c:\users\babu9\onedrive\ドキュメント\visual studio 2017\projects\block2_network_2\release\result.obj
c:\users\babu9\onedrive\ドキュメント\visual studio 2017\projects\block2_network_2\release\replay.obj
c:\users\babu9\onedrive\ドキュメント\visual studio 2017\projects\block2_network_2\release\pict.obj
c:\users\babu9\onedrive\ドキュメント\visual studio 2017\projects\block2_network_2\release\pch.obj
c:\users\babu9\onedrive\ドキュメント\visual studio 2017\projects\block2_network_2\release\order.obj
c:\users\babu9\onedrive\ドキュメント\visual studio 2017\projects\block2_network_2\release\network.obj
c:\users\babu9\onedrive\ドキュメント\visual studio 2017\projects\block2_network_2\release\load.obj
c:\users\babu9\onedrive\ドキュメント\visual studio 2017\projects\block2_network_2\release\helparam.obj
c:\users\babu9\onedrive\ドキュメント\visual studio 2017\projects\block2_network_2\release\hantei.obj
c:\users\babu9\onedrive\ドキュメント\visual studio 2017\projects\block2_network_2\release\eriparam.obj
c:\users\babu9\onedrive\ドキュメント\visual studio 2017\projects\block2_network_2\release\hydparam.obj
c:\users\babu9\onedrive\ドキュメント\visual studio 2017\projects\block2_network_2\release\def.obj
c:\users\babu9\onedrive\ドキュメント\visual studio 2017\projects\block2_network_2\release\corparam.obj
c:\users\babu9\onedrive\ドキュメント\visual studio 2017\projects\block2_network_2\release\connect.obj
c:\users\babu9\onedrive\ドキュメント\visual studio 2017\projects\block2_network_2\release\config.obj
c:\users\babu9\onedrive\ドキュメント\visual studio 2017\projects\block2_network_2\release\bouparam.obj
c:\users\babu9\onedrive\ドキュメント\visual studio 2017\projects\block2_network_2\release\arcade.obj
c:\users\babu9\onedrive\ドキュメント\visual studio 2017\projects\block2_network_2\release\air.obj
c:\users\babu9\onedrive\ドキュメント\visual studio 2017\projects\block2_network_2\release\ai.obj
c:\users\babu9\onedrive\ドキュメント\visual studio 2017\projects\block2_network_2\release\struct.obj
c:\users\babu9\onedrive\ドキュメント\visual studio 2017\projects\block2_network_2\release\status.obj
c:\users\babu9\onedrive\ドキュメント\visual studio 2017\projects\block2_network_2\release\statedata.obj
c:\users\babu9\onedrive\ドキュメント\visual studio 2017\projects\block2_network_2\release\state.obj
c:\users\babu9\onedrive\ドキュメント\visual studio 2017\projects\block2_network_2\release\sound.obj
c:\users\babu9\onedrive\ドキュメント\visual studio 2017\projects\block2_network_2\release\select.obj
c:\users\babu9\onedrive\ドキュメント\visual studio 2017\projects\block2_network_2\release\player.obj
c:\users\babu9\onedrive\ドキュメント\visual studio 2017\projects\block2_network_2\release\pause.obj
c:\users\babu9\onedrive\ドキュメント\visual studio 2017\projects\block2_network_2\release\objectdraw.obj
c:\users\babu9\onedrive\ドキュメント\visual studio 2017\projects\block2_network_2\release\menu.obj
c:\users\babu9\onedrive\ドキュメント\visual studio 2017\projects\block2_network_2\release\maindraw.obj
c:\users\babu9\onedrive\ドキュメント\visual studio 2017\projects\block2_network_2\release\main.obj
c:\users\babu9\onedrive\ドキュメント\visual studio 2017\projects\block2_network_2\release\lifecount.obj
c:\users\babu9\onedrive\ドキュメント\visual studio 2017\projects\block2_network_2\release\key.obj
c:\users\babu9\onedrive\ドキュメント\visual studio 2017\projects\block2_network_2\release\heldamage.obj
c:\users\babu9\onedrive\ドキュメント\visual studio 2017\projects\block2_network_2\release\fps.obj
c:\users\babu9\onedrive\ドキュメント\visual studio 2017\projects\block2_network_2\release\einparam.obj
c:\users\babu9\onedrive\ドキュメント\visual studio 2017\projects\block2_network_2\release\ghitbox.obj
c:\users\babu9\onedrive\ドキュメント\visual studio 2017\projects\block2_network_2\release\command.obj
c:\users\babu9\onedrive\ドキュメント\visual studio 2017\projects\block2_network_2\release\effect.obj
c:\users\babu9\onedrive\ドキュメント\visual studio 2017\projects\block2_network_2\release\versus.obj
c:\users\babu9\onedrive\ドキュメント\visual studio 2017\projects\block2_network_2\release\traning.obj
c:\users\babu9\onedrive\ドキュメント\visual studio 2017\projects\block2_network_2\release\title.obj
c:\users\babu9\onedrive\ドキュメント\visual studio 2017\projects\block2_network_2\release\syuparam.obj
c:\users\babu9\onedrive\ドキュメント\visual studio 2017\projects\block2_network_2\release\subsystem.obj
c:\users\babu9\onedrive\ドキュメント\visual studio 2017\projects\block2_network_2\release\substate.obj
c:\users\babu9\onedrive\ドキュメント\visual studio 2017\projects\block2_network_2\release\subdamset.obj
c:\users\babu9\onedrive\ドキュメント\visual studio 2017\projects\block2_network_2\release\subdamage.obj
c:\users\babu9\onedrive\ドキュメント\visual studio 2017\projects\block2_network_2\release\blackright.exe
c:\users\babu9\onedrive\ドキュメント\visual studio 2017\projects\block2_network_2\release\blackright.pdb
c:\users\babu9\onedrive\ドキュメント\visual studio 2017\projects\block2_network_2\release\blackright.tlog\blackright.write.1u.tlog
c:\users\babu9\onedrive\ドキュメント\visual studio 2017\projects\block2_network_2\release\blackright.tlog\cl.command.1.tlog
c:\users\babu9\onedrive\ドキュメント\visual studio 2017\projects\block2_network_2\release\blackright.tlog\cl.read.1.tlog
c:\users\babu9\onedrive\ドキュメント\visual studio 2017\projects\block2_network_2\release\blackright.tlog\cl.write.1.tlog
c:\users\babu9\onedrive\ドキュメント\visual studio 2017\projects\block2_network_2\release\blackright.tlog\link.command.1.tlog
c:\users\babu9\onedrive\ドキュメント\visual studio 2017\projects\block2_network_2\release\blackright.tlog\link.read.1.tlog
c:\users\babu9\onedrive\ドキュメント\visual studio 2017\projects\block2_network_2\release\blackright.tlog\link.write.1.tlog
